<?xml version="1.0" encoding="UTF-8"?>
<!-- Generated by org.testng.reporters.JUnitReportReporter -->
<testsuite hostname="LAPTOP-V3DV16BE" failures="0" tests="1" name="testCases.TC_001_AccountRegistrationTest" time="3.236" errors="0" timestamp="2023-11-21T01:29:18 EST" skipped="0">
  <testcase classname="testCases.TC_001_AccountRegistrationTest" name="test_account_Registration" time="3.236"/>
  <system-out/>
</testsuite> <!-- testCases.TC_001_AccountRegistrationTest -->
