<?xml version="1.0" encoding="UTF-8"?>
<!-- Generated by org.testng.reporters.JUnitReportReporter -->
<testsuite hostname="LAPTOP-V3DV16BE" failures="0" tests="1" name="testCases.TC_002_LoginTest" time="0.768" errors="0" timestamp="2023-11-21T01:29:18 EST" skipped="0">
  <testcase classname="testCases.TC_002_LoginTest" name="test_login" time="0.768"/>
  <system-out/>
</testsuite> <!-- testCases.TC_002_LoginTest -->
