<?xml version="1.0" encoding="UTF-8"?>
<!-- Generated by org.testng.reporters.JUnitReportReporter -->
<testsuite hostname="LAPTOP-V3DV16BE" failures="0" tests="1" name="testCases.TC_001_AccountRegistrationTest" time="2.722" errors="0" timestamp="2023-11-28T19:42:29 EST" skipped="0">
  <testcase classname="testCases.TC_001_AccountRegistrationTest" name="test_account_Registration" time="2.722"/>
</testsuite> <!-- testCases.TC_001_AccountRegistrationTest -->
